0 info it worked if it ends with ok
1 verbose cli [ '/usr/local/Cellar/node/6.2.2/bin/node',
1 verbose cli   '/usr/local/bin/npm',
1 verbose cli   'run',
1 verbose cli   'lint' ]
2 info using npm@3.9.5
3 info using node@v6.2.2
4 verbose run-script [ 'prelint', 'lint', 'postlint' ]
5 info lifecycle @~prelint: @
6 silly lifecycle @~prelint: no script for prelint, continuing
7 info lifecycle @~lint: @
8 verbose lifecycle @~lint: unsafe-perm in lifecycle true
9 verbose lifecycle @~lint: PATH: /usr/local/lib/node_modules/npm/bin/node-gyp-bin:/Users/ukutaht/dev/elixir/artisan/node_modules/.bin:/usr/local/Cellar/node/6.2.2/bin:/Users/ukutaht/.kiex/elixirs/elixir-1.3.2/bin:/Users/ukutaht/.kiex/bin:/Users/ukutaht/.rbenv/shims:/Users/ukutaht/.cabal/bin:/Users/ukutaht/.ghc/ghc-7.8.4.app/Contents/bin:/usr/local/bin:/usr/local/sbin:/usr/local/bin:/usr/bin:/bin:/usr/sbin:/sbin:/opt/X11/bin:/usr/local/go/bin:/usr/bin:/bin:/usr/sbin:/sbin:/Users/ukutaht/.cargo/bin:/Users/ukutaht/.fzf/bin
10 verbose lifecycle @~lint: CWD: /Users/ukutaht/dev/elixir/artisan
11 silly lifecycle @~lint: Args: [ '-c', 'node_modules/eslint/bin/eslint.js app/src/js' ]
12 silly lifecycle @~lint: Returned: code: 1  signal: null
13 info lifecycle @~lint: Failed to exec lint script
14 verbose stack Error: @ lint: `node_modules/eslint/bin/eslint.js app/src/js`
14 verbose stack Exit status 1
14 verbose stack     at EventEmitter.<anonymous> (/usr/local/lib/node_modules/npm/lib/utils/lifecycle.js:245:16)
14 verbose stack     at emitTwo (events.js:106:13)
14 verbose stack     at EventEmitter.emit (events.js:191:7)
14 verbose stack     at ChildProcess.<anonymous> (/usr/local/lib/node_modules/npm/lib/utils/spawn.js:24:14)
14 verbose stack     at emitTwo (events.js:106:13)
14 verbose stack     at ChildProcess.emit (events.js:191:7)
14 verbose stack     at maybeClose (internal/child_process.js:852:16)
14 verbose stack     at Process.ChildProcess._handle.onexit (internal/child_process.js:215:5)
15 verbose pkgid @
16 verbose cwd /Users/ukutaht/dev/elixir/artisan
17 error Darwin 14.5.0
18 error argv "/usr/local/Cellar/node/6.2.2/bin/node" "/usr/local/bin/npm" "run" "lint"
19 error node v6.2.2
20 error npm  v3.9.5
21 error code ELIFECYCLE
22 error @ lint: `node_modules/eslint/bin/eslint.js app/src/js`
22 error Exit status 1
23 error Failed at the @ lint script 'node_modules/eslint/bin/eslint.js app/src/js'.
23 error Make sure you have the latest version of node.js and npm installed.
23 error If you do, this is most likely a problem with the  package,
23 error not with npm itself.
23 error Tell the author that this fails on your system:
23 error     node_modules/eslint/bin/eslint.js app/src/js
23 error You can get information on how to open an issue for this project with:
23 error     npm bugs
23 error Or if that isn't available, you can get their info via:
23 error     npm owner ls
23 error There is likely additional logging output above.
24 verbose exit [ 1, true ]
